c:\users\chunmook.kim\desktop\data\meikai_renderer\x64\release\vc143.pdb
c:\users\chunmook.kim\desktop\data\meikai_renderer\x64\release\object.obj
c:\users\chunmook.kim\desktop\data\meikai_renderer\x64\release\model.obj
c:\users\chunmook.kim\desktop\data\meikai_renderer\x64\release\mesh.obj
c:\users\chunmook.kim\desktop\data\meikai_renderer\x64\release\mathhelper.obj
c:\users\chunmook.kim\desktop\data\meikai_renderer\x64\release\main.obj
c:\users\chunmook.kim\desktop\data\meikai_renderer\x64\release\lightingpass.obj
c:\users\chunmook.kim\desktop\data\meikai_renderer\x64\release\geometrypass.obj
c:\users\chunmook.kim\desktop\data\meikai_renderer\x64\release\gametimer.obj
c:\users\chunmook.kim\desktop\data\meikai_renderer\x64\release\frameresource.obj
c:\users\chunmook.kim\desktop\data\meikai_renderer\x64\release\dxutil.obj
c:\users\chunmook.kim\desktop\data\meikai_renderer\x64\release\dxapp.obj
c:\users\chunmook.kim\desktop\data\meikai_renderer\x64\release\demo.obj
c:\users\chunmook.kim\desktop\data\meikai_renderer\x64\release\camera.obj
c:\users\chunmook.kim\desktop\data\meikai_renderer\x64\release\meikai_renderer.exe
c:\users\chunmook.kim\desktop\data\meikai_renderer\x64\release\meikai_renderer.pdb
c:\users\chunmook.kim\desktop\data\meikai_renderer\x64\release\meikai_renderer.ipdb
c:\users\chunmook.kim\desktop\data\meikai_renderer\x64\release\meikai_renderer.iobj
c:\users\chunmook.kim\desktop\data\meikai_renderer\x64\release\meikai_renderer.tlog\cl.command.1.tlog
c:\users\chunmook.kim\desktop\data\meikai_renderer\x64\release\meikai_renderer.tlog\cl.read.1.tlog
c:\users\chunmook.kim\desktop\data\meikai_renderer\x64\release\meikai_renderer.tlog\cl.write.1.tlog
c:\users\chunmook.kim\desktop\data\meikai_renderer\x64\release\meikai_renderer.tlog\link.command.1.tlog
c:\users\chunmook.kim\desktop\data\meikai_renderer\x64\release\meikai_renderer.tlog\link.read.1.tlog
c:\users\chunmook.kim\desktop\data\meikai_renderer\x64\release\meikai_renderer.tlog\link.write.1.tlog
c:\users\chunmook.kim\desktop\data\meikai_renderer\x64\release\meikai_renderer.tlog\meikai_renderer.write.1u.tlog
